#-----------------------------------------------------------
# Webtalk v2017.3.1 (64-bit)
# SW Build 2035080 on Fri Oct 20 14:20:01 MDT 2017
# 
# Start of session at: Mon Mar 12 06:54:32 2018
# Process ID: 9556
# Current directory: H:/Practice/project_5/project_5.sdk/webtalk
# Command line: wbtcv.exe -mode batch -source sdk_webtalk.tcl
# Log file: H:/Practice/project_5/project_5.sdk/webtalk/webtalk.log
# Journal file: H:/Practice/project_5/project_5.sdk/webtalk\webtalk.jou
#-----------------------------------------------------------
source sdk_webtalk.tcl
# webtalk_init -webtalk_dir H:\\Practice\\project_5\\project_5.sdk\\webtalk
# webtalk_register_client -client project
# webtalk_add_data -client project -key date_generated -value "2018-03-12 06:54:27" -context "software_version_and_target_device"
# webtalk_add_data -client project -key product_version -value "SDK v2017.3" -context "software_version_and_target_device"
# webtalk_add_data -client project -key build_version -value "2017.3" -context "software_version_and_target_device"
# webtalk_add_data -client project -key os_platform -value "amd64" -context "software_version_and_target_device"
# webtalk_add_data -client project -key registration_id -value "211453872_0_0_259" -context "software_version_and_target_device"
# webtalk_add_data -client project -key tool_flow -value "SDK" -context "software_version_and_target_device"
# webtalk_add_data -client project -key beta -value "false" -context "software_version_and_target_device"
# webtalk_add_data -client project -key route_design -value "NA" -context "software_version_and_target_device"
# webtalk_add_data -client project -key target_family -value "NA" -context "software_version_and_target_device"
# webtalk_add_data -client project -key target_device -value "NA" -context "software_version_and_target_device"
# webtalk_add_data -client project -key target_package -value "NA" -context "software_version_and_target_device"
# webtalk_add_data -client project -key target_speed -value "NA" -context "software_version_and_target_device"
# webtalk_add_data -client project -key random_id -value "3s67a776mf8rovo6qk006e1qq2" -context "software_version_and_target_device"
# webtalk_add_data -client project -key project_id -value "2017.3_46" -context "software_version_and_target_device"
# webtalk_add_data -client project -key project_iteration -value "46" -context "software_version_and_target_device"
# webtalk_add_data -client project -key os_name -value "Microsoft Windows 8 or later , 64-bit" -context "user_environment"
# webtalk_add_data -client project -key os_release -value "major release  (build 9200)" -context "user_environment"
# webtalk_add_data -client project -key cpu_name -value "Intel(R) Core(TM) i5-5200U CPU @ 2.20GHz" -context "user_environment"
# webtalk_add_data -client project -key cpu_speed -value "2195 MHz" -context "user_environment"
# webtalk_add_data -client project -key total_processors -value "1" -context "user_environment"
# webtalk_add_data -client project -key system_ram -value "8.508 GB" -context "user_environment"
# webtalk_register_client -client sdk
# webtalk_add_data -client sdk -key uid -value "1520806211348" -context "sdk\\\\bsp/1520806211348"
# webtalk_add_data -client sdk -key hwid -value "1518634841029" -context "sdk\\\\bsp/1520806211348"
# webtalk_add_data -client sdk -key os -value "freertos901_xilinx" -context "sdk\\\\bsp/1520806211348"
# webtalk_add_data -client sdk -key apptemplate -value "null" -context "sdk\\\\bsp/1520806211348"
# webtalk_add_data -client sdk -key RecordType -value "BSPCreation" -context "sdk\\\\bsp/1520806211348"
# webtalk_add_data -client sdk -key uid -value "NA" -context "sdk\\\\bsp/1520817866210"
# webtalk_add_data -client sdk -key RecordType -value "ToolUsage" -context "sdk\\\\bsp/1520817866210"
# webtalk_add_data -client sdk -key BootgenCount -value "0" -context "sdk\\\\bsp/1520817866210"
# webtalk_add_data -client sdk -key DebugCount -value "0" -context "sdk\\\\bsp/1520817866210"
# webtalk_add_data -client sdk -key PerfCount -value "0" -context "sdk\\\\bsp/1520817866210"
# webtalk_add_data -client sdk -key FlashCount -value "0" -context "sdk\\\\bsp/1520817866210"
# webtalk_add_data -client sdk -key CrossTriggCount -value "0" -context "sdk\\\\bsp/1520817866210"
# webtalk_add_data -client sdk -key QemuDebugCount -value "0" -context "sdk\\\\bsp/1520817866210"
# webtalk_transmit -clientid 241312766 -regid "211453872_0_0_259" -xml H:\\Practice\\project_5\\project_5.sdk\\webtalk\\usage_statistics_ext_sdk.xml -html H:\\Practice\\project_5\\project_5.sdk\\webtalk\\usage_statistics_ext_sdk.html -wdm H:\\Practice\\project_5\\project_5.sdk\\webtalk\\sdk_webtalk.wdm -intro "<H3>SDK Usage Report</H3><BR>"
# webtalk_terminate
INFO: [Common 17-206] Exiting Webtalk at Mon Mar 12 06:56:01 2018...
