15:14:43 **** Incremental Build of configuration Debug for project project_2 ****
make all 
'Building target: project_2.elf'
'Invoking: MicroBlaze gcc linker'
mb-gcc -Wl,-T -Wl,../src/lscript.ld -L../../freertos901_xilinx_bsp_0/microblaze_0/lib -mlittle-endian -mcpu=v10.0 -mxl-soft-mul -Wl,--no-relax -Wl,--gc-sections -o "project_2.elf"  ./src/Peripherals.o ./src/Test.o ./src/initialize.o ./src/main.o ./src/platform.o ./src/pwm_tmrctr.o   -Wl,--start-group,-lxil,-lfreertos,-lgcc,-lc,--end-group
./src/main.o:(.bss.kp+0x0): multiple definition of `kp'
./src/Peripherals.o:(.bss.kp+0x0): first defined here
./src/main.o: In function `Xil_In32':
H:\Practice\project_5\project_5.sdk\project_2\Debug/../src/main.c:433: multiple definition of `kd'
./src/Peripherals.o:(.bss.kd+0x0): first defined here
./src/main.o: In function `Xil_In32':
H:\Practice\project_5\project_5.sdk\project_2\Debug/../src/main.c:433: multiple definition of `ki'
./src/Peripherals.o:(.bss.ki+0x0): first defined here
./src/main.o: In function `Xil_In32':
H:\Practice\project_5\project_5.sdk\project_2\Debug/../src/main.c:433: multiple definition of `count'
./src/Test.o:(.bss.count+0x0): first defined here
./src/main.o: In function `Xil_In32':
H:\Practice\project_5\project_5.sdk\project_2\Debug/../src/main.c:433: multiple definition of `oldcount'
./src/Test.o:H:\Practice\project_5\project_5.sdk\project_2\Debug/../src/Test.c:25: first defined here
./src/main.o: In function `Xil_In32':
H:\Practice\project_5\project_5.sdk\project_2\Debug/../src/main.c:433: multiple definition of `main'
./src/Test.o:H:\Practice\project_5\project_5.sdk\project_2\Debug/../src/Test.c:25: first defined here
./src/main.o: In function `Xil_In32':
H:\Practice\project_5\project_5.sdk\project_2\Debug/../src/main.c:433: multiple definition of `do_init'
./src/initialize.o:H:\Practice\project_5\project_5.sdk\project_2\Debug/../src/initialize.c:18: first defined here
./src/main.o: In function `Xil_In32':
H:\Practice\project_5\project_5.sdk\project_2\Debug/../src/main.c:433: multiple definition of `Initialize_GPIOS'
./src/initialize.o:H:\Practice\project_5\project_5.sdk\project_2\Debug/../../freertos901_xilinx_bsp_0/microblaze_0/include/xil_io.h:152: first defined here
./src/main.o: In function `Xil_In32':
H:\Practice\project_5\project_5.sdk\project_2\Debug/../src/main.c:433: multiple definition of `AXI_Timer_initialize'
./src/initialize.o:H:\Practice\project_5\project_5.sdk\project_2\Debug/../../freertos901_xilinx_bsp_0/microblaze_0/include/xil_io.h:152: first defined here
./src/main.o: In function `Xil_In32':
H:\Practice\project_5\project_5.sdk\project_2\Debug/../src/main.c:433: multiple definition of `Initiaize_INTERRUPTS'
./src/initialize.o:H:\Practice\project_5\project_5.sdk\project_2\Debug/../../freertos901_xilinx_bsp_0/microblaze_0/include/xil_io.h:152: first defined here
./src/main.o: In function `Xil_In32':
H:\Practice\project_5\project_5.sdk\project_2\Debug/../src/main.c:433: multiple definition of `Initialize_PWM'
./src/initialize.o:H:\Practice\project_5\project_5.sdk\project_2\Debug/../../freertos901_xilinx_bsp_0/microblaze_0/include/xil_io.h:152: first defined here
./src/main.o: In function `Xil_In32':
H:\Practice\project_5\project_5.sdk\project_2\Debug/../src/main.c:433: multiple definition of `PERIPHERAL_Handler'
./src/Peripherals.o:(.text.PERIPHERAL_Handler+0x0): first defined here
./src/main.o: In function `Xil_In32':
H:\Practice\project_5\project_5.sdk\project_2\Debug/../src/main.c:433: multiple definition of `PULSECOUNT_Handler'
./src/Test.o:H:\Practice\project_5\project_5.sdk\project_2\Debug/../src/Test.c:25: first defined here
./src/main.o: In function `Xil_In32':
H:\Practice\project_5\project_5.sdk\project_2\Debug/../src/main.c:433: multiple definition of `SECONDS_Handler'
./src/Test.o:H:\Practice\project_5\project_5.sdk\project_2\Debug/../src/Test.c:25: first defined here
./src/main.o: In function `Xil_In32':
H:\Practice\project_5\project_5.sdk\project_2\Debug/../src/main.c:433: multiple definition of `PMDIO_putnum'
./src/Test.o:H:\Practice\project_5\project_5.sdk\project_2\Debug/../src/Test.c:25: first defined here
./src/main.o: In function `Xil_In32':
H:\Practice\project_5\project_5.sdk\project_2\Debug/../src/main.c:433: multiple definition of `PMDIO_itoa'
./src/Test.o:H:\Practice\project_5\project_5.sdk\project_2\Debug/../src/Test.c:25: first defined here
./src/main.o: In function `Xil_In32':
H:\Practice\project_5\project_5.sdk\project_2\Debug/../src/main.c:433: multiple definition of `PMDIO_puthex'
./src/Test.o:H:\Practice\project_5\project_5.sdk\project_2\Debug/../src/Test.c:25: first defined here
collect2.exe: error: ld returned 1 exit status
make: *** [project_2.elf] Error 1

15:14:44 Build Finished (took 673ms)

